<?xml version="1.0" encoding="UTF-8"?>
<!-- Generated by org.testng.reporters.JUnitReportReporter -->
<testsuite hostname="HMS-LP-N-139" failures="0" tests="5" name="testCases.TC_003_LoginDataDrivenTest" time="54.320" errors="0" timestamp="2025-08-04T16:52:00 IST" skipped="0">
  <testcase classname="testCases.TC_003_LoginDataDrivenTest" name="verify_loginDDT" time="14.726"/>
  <testcase classname="testCases.TC_003_LoginDataDrivenTest" name="verify_loginDDT" time="5.376"/>
  <testcase classname="testCases.TC_003_LoginDataDrivenTest" name="verify_loginDDT" time="14.401"/>
  <testcase classname="testCases.TC_003_LoginDataDrivenTest" name="verify_loginDDT" time="5.399"/>
  <testcase classname="testCases.TC_003_LoginDataDrivenTest" name="verify_loginDDT" time="14.418"/>
</testsuite> <!-- testCases.TC_003_LoginDataDrivenTest -->
