<?xml version="1.0" encoding="UTF-8"?>
<!-- Generated by org.testng.reporters.JUnitReportReporter -->
<testsuite hostname="HMS-LP-N-139" failures="0" tests="3" name="testCases.TC_003_LoginDataDrivenTest" time="24.659" errors="0" timestamp="2025-09-12T21:10:52 IST" skipped="0">
  <testcase classname="testCases.TC_003_LoginDataDrivenTest" name="verify_loginDDT" time="5.057"/>
  <testcase classname="testCases.TC_003_LoginDataDrivenTest" name="verify_loginDDT" time="5.387"/>
  <testcase classname="testCases.TC_003_LoginDataDrivenTest" name="verify_loginDDT" time="14.215"/>
</testsuite> <!-- testCases.TC_003_LoginDataDrivenTest -->
