<?xml version="1.0" encoding="UTF-8"?>
<!-- Generated by org.testng.reporters.JUnitReportReporter -->
<testsuite hostname="HMS-LP-N-139" failures="0" tests="1" name="testCases.TC_001_AccountRegistrationTest" time="3.633" errors="0" timestamp="2025-09-12T21:10:52 IST" skipped="0">
  <testcase classname="testCases.TC_001_AccountRegistrationTest" name="verify_account_registration" time="3.633"/>
</testsuite> <!-- testCases.TC_001_AccountRegistrationTest -->
