<?xml version="1.0" encoding="UTF-8"?>
<!-- Generated by org.testng.reporters.JUnitReportReporter -->
<testsuite hostname="HMS-LP-N-139" failures="0" tests="1" name="testCases.TC_002_LoginTest" time="7.372" errors="0" timestamp="2025-08-04T15:32:06 IST" skipped="0">
  <testcase classname="testCases.TC_002_LoginTest" name="verify_login" time="7.372"/>
</testsuite> <!-- testCases.TC_002_LoginTest -->
