<?xml version="1.0" encoding="UTF-8"?>
<!-- Generated by org.testng.reporters.JUnitReportReporter -->
<testsuite hostname="HMS-LP-N-47" failures="0" tests="5" name="testCases.TC_003_LoginDataDrivenTest" time="51.606" errors="0" timestamp="2025-05-09T13:53:54 IST" skipped="0">
  <testcase classname="testCases.TC_003_LoginDataDrivenTest" name="verify_loginDDT" time="6.469"/>
  <testcase classname="testCases.TC_003_LoginDataDrivenTest" name="verify_loginDDT" time="16.523"/>
  <testcase classname="testCases.TC_003_LoginDataDrivenTest" name="verify_loginDDT" time="15.518"/>
  <testcase classname="testCases.TC_003_LoginDataDrivenTest" name="verify_loginDDT" time="6.846"/>
  <testcase classname="testCases.TC_003_LoginDataDrivenTest" name="verify_loginDDT" time="6.250"/>
</testsuite> <!-- testCases.TC_003_LoginDataDrivenTest -->
