<?xml version="1.0" encoding="UTF-8"?>
<!-- Generated by org.testng.reporters.JUnitReportReporter -->
<testsuite hostname="HMS-LP-N-139" failures="0" tests="1" name="testCases.TC_001_AccountRegistrationTest" time="4.650" errors="0" timestamp="2025-08-04T15:32:06 IST" skipped="0">
  <testcase classname="testCases.TC_001_AccountRegistrationTest" name="verify_account_registration" time="4.650"/>
</testsuite> <!-- testCases.TC_001_AccountRegistrationTest -->
