<?xml version="1.0" encoding="UTF-8"?>
<!-- Generated by org.testng.reporters.JUnitReportReporter -->
<testsuite hostname="HMS-LP-N-47" failures="0" tests="1" name="testCases.TC_004_AddToCartTest" time="4.688" errors="0" timestamp="2025-04-09T16:28:31 IST" skipped="0">
  <testcase classname="testCases.TC_004_AddToCartTest" name="login" time="4.688"/>
</testsuite> <!-- testCases.TC_004_AddToCartTest -->
