<?xml version="1.0" encoding="UTF-8"?>
<!-- Generated by org.testng.reporters.JUnitReportReporter -->
<testsuite hostname="HMS-LP-N-47" failures="0" tests="1" name="testCases.TC_005_RemoveItemsTest" time="11.204" errors="0" timestamp="2025-04-09T17:27:08 IST" skipped="0">
  <testcase classname="testCases.TC_005_RemoveItemsTest" name="login" time="11.204"/>
</testsuite> <!-- testCases.TC_005_RemoveItemsTest -->
