<?xml version="1.0" encoding="UTF-8"?>
<!-- Generated by org.testng.reporters.JUnitReportReporter -->
<testsuite hostname="HMS-LP-N-139" failures="0" tests="1" name="testCases.TC_006_verifyAppleCinemaFeatureTest" time="2.159" errors="0" timestamp="2025-09-12T21:10:52 IST" skipped="0">
  <testcase classname="testCases.TC_006_verifyAppleCinemaFeatureTest" name="getAppleCinemaFeature" time="2.159"/>
</testsuite> <!-- testCases.TC_006_verifyAppleCinemaFeatureTest -->
