<?xml version="1.0" encoding="UTF-8"?>
<!-- Generated by org.testng.reporters.JUnitReportReporter -->
<testsuite hostname="HMS-LP-N-139" failures="0" tests="5" name="testCases.TC_003_LoginDataDrivenTest" time="45.901" errors="0" timestamp="2025-08-04T15:32:06 IST" skipped="0">
  <testcase classname="testCases.TC_003_LoginDataDrivenTest" name="verify_loginDDT" time="5.924"/>
  <testcase classname="testCases.TC_003_LoginDataDrivenTest" name="verify_loginDDT" time="14.362"/>
  <testcase classname="testCases.TC_003_LoginDataDrivenTest" name="verify_loginDDT" time="14.429"/>
  <testcase classname="testCases.TC_003_LoginDataDrivenTest" name="verify_loginDDT" time="5.547"/>
  <testcase classname="testCases.TC_003_LoginDataDrivenTest" name="verify_loginDDT" time="5.639"/>
</testsuite> <!-- testCases.TC_003_LoginDataDrivenTest -->
