<?xml version="1.0" encoding="UTF-8"?>
<!-- Generated by org.testng.reporters.JUnitReportReporter -->
<testsuite hostname="HMS-LP-N-47" failures="0" tests="1" name="testCases.TC_002_LoginTest" time="3.130" errors="0" timestamp="2025-04-09T16:28:31 IST" skipped="0">
  <testcase classname="testCases.TC_002_LoginTest" name="verify_login" time="3.130"/>
</testsuite> <!-- testCases.TC_002_LoginTest -->
