<?xml version="1.0" encoding="UTF-8"?>
<!-- Generated by org.testng.reporters.JUnitReportReporter -->
<testsuite hostname="HMS-LP-N-47" failures="0" tests="1" name="testCases.TC_005_RemoveItemsTest" time="12.139" errors="0" timestamp="2025-05-09T13:53:54 IST" skipped="0">
  <testcase classname="testCases.TC_005_RemoveItemsTest" name="login" time="12.139"/>
</testsuite> <!-- testCases.TC_005_RemoveItemsTest -->
