<?xml version="1.0" encoding="UTF-8"?>
<!-- Generated by org.testng.reporters.JUnitReportReporter -->
<testsuite hostname="HMS-LP-N-139" failures="0" tests="1" name="testCases.TC_002_LoginTest" time="2.833" errors="0" timestamp="2025-08-04T16:52:00 IST" skipped="0">
  <testcase classname="testCases.TC_002_LoginTest" name="verify_login" time="2.833"/>
</testsuite> <!-- testCases.TC_002_LoginTest -->
