<?xml version="1.0" encoding="UTF-8"?>
<!-- Generated by org.testng.reporters.JUnitReportReporter -->
<testsuite hostname="HMS-LP-N-139" failures="0" tests="1" name="testCases.TC_005_RemoveItemsTest" time="10.163" errors="0" timestamp="2025-08-04T16:52:00 IST" skipped="0">
  <testcase classname="testCases.TC_005_RemoveItemsTest" name="login" time="10.163"/>
</testsuite> <!-- testCases.TC_005_RemoveItemsTest -->
