<?xml version="1.0" encoding="UTF-8"?>
<!-- Generated by org.testng.reporters.JUnitReportReporter -->
<testsuite hostname="HMS-LP-N-47" failures="0" tests="1" name="testCases.TC_001_AccountRegistrationTest" time="4.633" errors="0" timestamp="2025-02-17T16:46:55 IST" skipped="0">
  <testcase classname="testCases.TC_001_AccountRegistrationTest" name="verify_account_registration" time="4.633"/>
</testsuite> <!-- testCases.TC_001_AccountRegistrationTest -->
