<?xml version="1.0" encoding="UTF-8"?>
<!-- Generated by org.testng.reporters.JUnitReportReporter -->
<testsuite hostname="HMS-LP-N-139" failures="0" tests="1" name="testCases.TC_006_verifyAppleCinemaFeatureTest" time="1.886" errors="0" timestamp="2025-08-04T11:55:33 IST" skipped="0">
  <testcase classname="testCases.TC_006_verifyAppleCinemaFeatureTest" name="getAppleCinemaFeature" time="1.886"/>
</testsuite> <!-- testCases.TC_006_verifyAppleCinemaFeatureTest -->
